2022-09-13 12:47:49,168 INFO o.a.j.u.JMeterUtils: Setting Locale to en_GB
2022-09-13 12:47:49,189 INFO o.a.j.JMeter: Loading user properties from: user.properties
2022-09-13 12:47:49,190 INFO o.a.j.JMeter: Loading system properties from: system.properties
2022-09-13 12:47:49,201 INFO o.a.j.JMeter: Copyright (c) 1998-2022 The Apache Software Foundation
2022-09-13 12:47:49,201 INFO o.a.j.JMeter: Version 5.5
2022-09-13 12:47:49,201 INFO o.a.j.JMeter: java.version=1.8.0_341
2022-09-13 12:47:49,201 INFO o.a.j.JMeter: java.vm.name=Java HotSpot(TM) Client VM
2022-09-13 12:47:49,201 INFO o.a.j.JMeter: os.name=Windows 11
2022-09-13 12:47:49,202 INFO o.a.j.JMeter: os.arch=x86
2022-09-13 12:47:49,202 INFO o.a.j.JMeter: os.version=10.0
2022-09-13 12:47:49,202 INFO o.a.j.JMeter: file.encoding=Cp1252
2022-09-13 12:47:49,202 INFO o.a.j.JMeter: java.awt.headless=null
2022-09-13 12:47:49,202 INFO o.a.j.JMeter: Max memory     =259522560
2022-09-13 12:47:49,202 INFO o.a.j.JMeter: Available Processors =8
2022-09-13 12:47:49,208 INFO o.a.j.JMeter: Default Locale=English (United Kingdom)
2022-09-13 12:47:49,208 INFO o.a.j.JMeter: JMeter  Locale=English (United Kingdom)
2022-09-13 12:47:49,208 INFO o.a.j.JMeter: JMeterHome=D:\apache-jmeter-5.5\apache-jmeter-5.5
2022-09-13 12:47:49,208 INFO o.a.j.JMeter: user.dir  =D:\apache-jmeter-5.5\apache-jmeter-5.5\bin
2022-09-13 12:47:49,208 INFO o.a.j.JMeter: PWD       =D:\apache-jmeter-5.5\apache-jmeter-5.5\bin
2022-09-13 12:47:49,216 INFO o.a.j.JMeter: IP: 192.168.1.82 Name: DESKTOP-ACGD89T FullName: 192.168.1.82
2022-09-13 12:47:49,241 INFO o.a.j.JMeter: Loaded icon properties from org/apache/jmeter/images/icon.properties
2022-09-13 12:47:49,528 INFO o.a.j.JMeterGuiLauncher: Setting LAF to: com.github.weisj.darklaf.DarkLaf:com.github.weisj.darklaf.theme.DarculaTheme
2022-09-13 12:47:59,246 INFO o.a.j.s.FileServer: Default base='D:\apache-jmeter-5.5\apache-jmeter-5.5\bin'
2022-09-13 12:47:59,254 INFO o.a.j.g.a.Load: Loading file: D:\apache-jmeter-5.5\apache-jmeter-5.5\bin\Users.jmx
2022-09-13 12:47:59,254 INFO o.a.j.s.FileServer: Set new base='D:\apache-jmeter-5.5\apache-jmeter-5.5\bin'
2022-09-13 12:47:59,394 INFO o.a.j.s.SaveService: Testplan (JMX) version: 2.2. Testlog (JTL) version: 2.2
2022-09-13 12:47:59,432 INFO o.a.j.s.SaveService: Using SaveService properties file encoding UTF-8
2022-09-13 12:47:59,434 INFO o.a.j.s.SaveService: Using SaveService properties version 5.0
2022-09-13 12:47:59,436 INFO o.a.j.s.SaveService: Loading file: D:\apache-jmeter-5.5\apache-jmeter-5.5\bin\Users.jmx
2022-09-13 12:47:59,468 INFO o.a.j.p.h.s.HTTPSamplerBase: Parser for text/html is org.apache.jmeter.protocol.http.parser.LagartoBasedHtmlParser
2022-09-13 12:47:59,469 INFO o.a.j.p.h.s.HTTPSamplerBase: Parser for application/xhtml+xml is org.apache.jmeter.protocol.http.parser.LagartoBasedHtmlParser
2022-09-13 12:47:59,469 INFO o.a.j.p.h.s.HTTPSamplerBase: Parser for application/xml is org.apache.jmeter.protocol.http.parser.LagartoBasedHtmlParser
2022-09-13 12:47:59,469 INFO o.a.j.p.h.s.HTTPSamplerBase: Parser for text/xml is org.apache.jmeter.protocol.http.parser.LagartoBasedHtmlParser
2022-09-13 12:47:59,469 INFO o.a.j.p.h.s.HTTPSamplerBase: Parser for text/vnd.wap.wml is org.apache.jmeter.protocol.http.parser.RegexpHTMLParser
2022-09-13 12:47:59,469 INFO o.a.j.p.h.s.HTTPSamplerBase: Parser for text/css is org.apache.jmeter.protocol.http.parser.CssParser
2022-09-13 12:47:59,604 INFO o.a.j.s.SampleResult: Note: Sample TimeStamps are START times
2022-09-13 12:47:59,604 INFO o.a.j.s.SampleResult: sampleresult.default.encoding is set to ISO-8859-1
2022-09-13 12:47:59,604 INFO o.a.j.s.SampleResult: sampleresult.useNanoTime=true
2022-09-13 12:47:59,604 INFO o.a.j.s.SampleResult: sampleresult.nanoThreadSleep=5000
2022-09-13 12:47:59,871 INFO o.a.j.s.FileServer: Set new base='D:\apache-jmeter-5.5\apache-jmeter-5.5\bin'
2022-09-13 12:48:16,781 INFO o.a.j.e.StandardJMeterEngine: Running the test!
2022-09-13 12:48:16,782 INFO o.a.j.s.SampleEvent: List of sample_variables: []
2022-09-13 12:48:16,782 INFO o.a.j.s.SampleEvent: List of sample_variables: []
2022-09-13 12:48:16,783 INFO o.a.j.e.u.CompoundVariable: Note: Function class names must contain the string: '.functions.'
2022-09-13 12:48:16,783 INFO o.a.j.e.u.CompoundVariable: Note: Function class names must not contain the string: '.gui.'
2022-09-13 12:48:17,040 INFO o.a.j.g.u.JMeterMenuBar: setRunning(true, *local*)
2022-09-13 12:48:17,084 INFO o.a.j.e.StandardJMeterEngine: Starting ThreadGroup: 1 : Thread Group
2022-09-13 12:48:17,084 INFO o.a.j.e.StandardJMeterEngine: Starting 1 threads for group Thread Group.
2022-09-13 12:48:17,084 INFO o.a.j.e.StandardJMeterEngine: Thread will continue on error
2022-09-13 12:48:17,085 INFO o.a.j.t.ThreadGroup: Starting thread group... number=1 threads=1 ramp-up=1 delayedStart=false
2022-09-13 12:48:17,088 INFO o.a.j.t.ThreadGroup: Started thread group number 1
2022-09-13 12:48:17,089 INFO o.a.j.e.StandardJMeterEngine: All thread groups have been started
2022-09-13 12:48:17,091 INFO o.a.j.t.JMeterThread: Thread started: Thread Group 1-1
2022-09-13 12:48:17,439 INFO o.a.j.p.h.s.HTTPHCAbstractImpl: Local host = DESKTOP-ACGD89T
2022-09-13 12:48:17,453 INFO o.a.j.p.h.s.HTTPHC4Impl: HTTP request retry count = 0
2022-09-13 12:48:17,578 INFO o.a.j.p.h.s.h.LazyLayeredConnectionSocketFactory: Setting up HTTPS TrustAll Socket Factory
2022-09-13 12:48:17,584 INFO o.a.j.u.JsseSSLManager: Using default SSL protocol: TLS
2022-09-13 12:48:17,584 INFO o.a.j.u.JsseSSLManager: SSL session context: per-thread
2022-09-13 12:48:18,518 INFO o.a.j.u.SSLManager: JmeterKeyStore Location:  type JKS
2022-09-13 12:48:18,520 INFO o.a.j.u.SSLManager: KeyStore created OK
2022-09-13 12:48:18,521 WARN o.a.j.u.SSLManager: Keystore file not found, loading empty keystore
2022-09-13 12:48:20,480 INFO o.a.j.t.JMeterThread: Thread is done: Thread Group 1-1
2022-09-13 12:48:20,480 INFO o.a.j.t.JMeterThread: Thread finished: Thread Group 1-1
2022-09-13 12:48:20,487 INFO o.a.j.e.StandardJMeterEngine: Notifying test listeners of end of test
2022-09-13 12:48:20,487 INFO o.a.j.g.u.JMeterMenuBar: setRunning(false, *local*)
